<?xml version="1.0" encoding="UTF-8"?>
<beans xmlns="http://www.springframework.org/schema/beans"
       xmlns:xsi="http://www.w3.org/2001/XMLSchema-instance"
       xsi:schemaLocation="http://www.springframework.org/schema/beans
	   					   http://www.springframework.org/schema/beans/spring-beans.xsd">

    <bean id="dataSource" class="org.springframework.jdbc.datasource.SingleConnectionDataSource">
        <property name="url" value="jdbc:sqlite:/tmp/zhudy_test.db"/>
    </bean>

    <bean id="namedParameterJdbcTemplate" class="io.zhudy.spring.jdbc.PageNamedParameterJdbcTemplate">
        <constructor-arg index="0">
            <bean class="org.springframework.jdbc.core.namedparam.NamedParameterJdbcTemplate">
                <constructor-arg index="0" ref="dataSource"/>
            </bean>
        </constructor-arg>
    </bean>

</beans>