<?xml version="1.0" encoding="UTF-8"?>
<beans xmlns="http://www.springframework.org/schema/beans"
       xmlns:xsi="http://www.w3.org/2001/XMLSchema-instance"
       xsi:schemaLocation="http://www.springframework.org/schema/beans
	   					   http://www.springframework.org/schema/beans/spring-beans.xsd">

    <bean id="hikariConfig" class="com.zaxxer.hikari.HikariConfig">
        <property name="dataSourceClassName" value="com.mysql.cj.jdbc.MysqlDataSource"/>
        <property name="connectionTestQuery" value="select 1"/>
        <property name="dataSourceProperties">
            <props>
                <prop key="url">
                    jdbc:mysql://114.215.70.28:3306/bookshop_dev?useUnicode=true&amp;characterEncoding=UTF-8
                </prop>
                <prop key="user">root</prop>
                <prop key="password">bookshop.db.JK</prop>
            </props>
        </property>
    </bean>

    <bean id="dataSource" class="com.zaxxer.hikari.HikariDataSource" destroy-method="close">
        <constructor-arg index="0" ref="hikariConfig"/>
    </bean>

    <bean id="namedParameterJdbcTemplate" class="io.zhudy.spring.jdbc.PageNamedParameterJdbcTemplate">
        <constructor-arg index="0">
            <bean class="org.springframework.jdbc.core.namedparam.NamedParameterJdbcTemplate">
                <constructor-arg index="0" ref="dataSource"/>
            </bean>
        </constructor-arg>
    </bean>

</beans>